0 info it worked if it ends with ok
1 verbose cli [ '/usr/bin/node', '/usr/bin/npm', 'run', 'transpile' ]
2 info using npm@3.10.10
3 info using node@v6.13.1
4 verbose run-script [ 'pretranspile', 'transpile', 'posttranspile' ]
5 info lifecycle validation-plugin@0.1.0~pretranspile: validation-plugin@0.1.0
6 silly lifecycle validation-plugin@0.1.0~pretranspile: no script for pretranspile, continuing
7 info lifecycle validation-plugin@0.1.0~transpile: validation-plugin@0.1.0
8 verbose lifecycle validation-plugin@0.1.0~transpile: unsafe-perm in lifecycle true
9 verbose lifecycle validation-plugin@0.1.0~transpile: PATH: /usr/lib/node_modules/npm/bin/node-gyp-bin:/home/grigory/Documents/Github/Crisismap/validation-plugin/node_modules/.bin:/usr/local/sbin:/usr/local/bin:/usr/sbin:/usr/bin:/sbin:/bin:/snap/bin
10 verbose lifecycle validation-plugin@0.1.0~transpile: CWD: /home/grigory/Documents/Github/Crisismap/validation-plugin
11 silly lifecycle validation-plugin@0.1.0~transpile: Args: [ '-c',
11 silly lifecycle   'npx babel validationPlugin-es6.js --out-file validationPlugin.js && ./plugin-copy-l.sh' ]
12 silly lifecycle validation-plugin@0.1.0~transpile: Returned: code: 126  signal: null
13 info lifecycle validation-plugin@0.1.0~transpile: Failed to exec transpile script
14 verbose stack Error: validation-plugin@0.1.0 transpile: `npx babel validationPlugin-es6.js --out-file validationPlugin.js && ./plugin-copy-l.sh`
14 verbose stack Exit status 126
14 verbose stack     at EventEmitter.<anonymous> (/usr/lib/node_modules/npm/lib/utils/lifecycle.js:255:16)
14 verbose stack     at emitTwo (events.js:106:13)
14 verbose stack     at EventEmitter.emit (events.js:191:7)
14 verbose stack     at ChildProcess.<anonymous> (/usr/lib/node_modules/npm/lib/utils/spawn.js:40:14)
14 verbose stack     at emitTwo (events.js:106:13)
14 verbose stack     at ChildProcess.emit (events.js:191:7)
14 verbose stack     at maybeClose (internal/child_process.js:920:16)
14 verbose stack     at Process.ChildProcess._handle.onexit (internal/child_process.js:230:5)
15 verbose pkgid validation-plugin@0.1.0
16 verbose cwd /home/grigory/Documents/Github/Crisismap/validation-plugin
17 error Linux 4.13.0-38-generic
18 error argv "/usr/bin/node" "/usr/bin/npm" "run" "transpile"
19 error node v6.13.1
20 error npm  v3.10.10
21 error code ELIFECYCLE
22 error validation-plugin@0.1.0 transpile: `npx babel validationPlugin-es6.js --out-file validationPlugin.js && ./plugin-copy-l.sh`
22 error Exit status 126
23 error Failed at the validation-plugin@0.1.0 transpile script 'npx babel validationPlugin-es6.js --out-file validationPlugin.js && ./plugin-copy-l.sh'.
23 error Make sure you have the latest version of node.js and npm installed.
23 error If you do, this is most likely a problem with the validation-plugin package,
23 error not with npm itself.
23 error Tell the author that this fails on your system:
23 error     npx babel validationPlugin-es6.js --out-file validationPlugin.js && ./plugin-copy-l.sh
23 error You can get information on how to open an issue for this project with:
23 error     npm bugs validation-plugin
23 error Or if that isn't available, you can get their info via:
23 error     npm owner ls validation-plugin
23 error There is likely additional logging output above.
24 verbose exit [ 1, true ]
